<?xml version="1.0" encoding="UTF-8"?>
<!-- Generated by org.testng.reporters.JUnitXMLReporter -->
<testsuite ignored="0" hostname="LAPTOP-J2BCKCFL" failures="0" tests="6" name="Test" time="37.607" errors="0" timestamp="23 Nov 2024 17:26:20 GMT">
  <testcase classname="testCases.TC003_LoginTestDDT" name="verifyLoginDDT" time="2.006"/>
  <testcase classname="testCases.TC003_LoginTestDDT" name="verifyLoginDDT" time="1.548"/>
  <testcase classname="testCases.TC003_LoginTestDDT" name="verifyLoginDDT" time="2.144"/>
  <testcase classname="testCases.TC003_LoginTestDDT" name="verifyLoginDDT" time="11.268"/>
  <testcase classname="testCases.TC003_LoginTestDDT" name="verifyLoginDDT" time="1.666"/>
  <testcase classname="testCases.TC003_LoginTestDDT" name="verifyLoginDDT" time="11.125"/>
</testsuite> <!-- Test -->
