<?xml version="1.0" encoding="UTF-8"?>
<testsuite xmlns:xsi="http://www.w3.org/2001/XMLSchema-instance" xsi:noNamespaceSchemaLocation="https://maven.apache.org/surefire/maven-surefire-plugin/xsd/surefire-test-report.xsd" version="3.0.2" name="TestSuite" time="39.064" tests="6" errors="0" skipped="0" failures="0">
  <properties>
[...]
</properties>
  <testcase name="verifyLoginDDT[dummyuser18@gmail.com, dummyuser18, Valid](1)" classname="testCases.TC003_LoginTestDDT" time="2.008">
    <system-out><![CDATA[[TestNGContentHandler] [WARN] It is strongly recommended to add "<!DOCTYPE suite SYSTEM "http://testng.org/testng-1.0.dtd" >" at the top of your file, otherwise TestNG may fail or not work as expected.
2024-11-23 22:55:50 INFO  TC003_LoginTestDDT:25 - ***** stating TC_003_LoginTestDDT ******
2024-11-23 22:55:52 INFO  TC003_LoginTestDDT:60 - ***** Finished TC_003_LoginTestDDT ******
]]></system-out>
    <system-err><![CDATA[Nov 23, 2024 10:55:45 PM org.openqa.selenium.devtools.CdpVersionFinder findNearestMatch
WARNING: Unable to find CDP implementation matching 131
Nov 23, 2024 10:55:45 PM org.openqa.selenium.chromium.ChromiumDriver lambda$new$5
WARNING: Unable to find version of CDP to use for 131.0.6778.86. You may need to include a dependency on a specific version of the CDP using something similar to `org.seleniumhq.selenium:selenium-devtools-v86:4.18.1` where the version ("v86") matches the version of the chromium-based browser you're using and the version number of the artifact is the same as Selenium's.
Nov 23, 2024 10:55:47 PM org.openqa.selenium.devtools.CdpVersionFinder findNearestMatch
WARNING: Unable to find CDP implementation matching 131
Nov 23, 2024 10:55:47 PM org.openqa.selenium.chromium.ChromiumDriver lambda$new$5
WARNING: Unable to find version of CDP to use for 131.0.6778.86. You may need to include a dependency on a specific version of the CDP using something similar to `org.seleniumhq.selenium:selenium-devtools-v86:4.18.1` where the version ("v86") matches the version of the chromium-based browser you're using and the version number of the artifact is the same as Selenium's.
]]></system-err>
  </testcase>
  <testcase name="verifyLoginDDT[lakshmi@yahoo.com, Laxmi, Valid](2)" classname="testCases.TC003_LoginTestDDT" time="1.547">
    <system-out><![CDATA[2024-11-23 22:55:52 INFO  TC003_LoginTestDDT:25 - ***** stating TC_003_LoginTestDDT ******
2024-11-23 22:55:53 INFO  TC003_LoginTestDDT:60 - ***** Finished TC_003_LoginTestDDT ******
]]></system-out>
  </testcase>
  <testcase name="verifyLoginDDT[laksh@yahoo.com, Lakshmi, Valid](3)" classname="testCases.TC003_LoginTestDDT" time="2.143">
    <system-out><![CDATA[2024-11-23 22:55:53 INFO  TC003_LoginTestDDT:25 - ***** stating TC_003_LoginTestDDT ******
2024-11-23 22:55:55 INFO  TC003_LoginTestDDT:60 - ***** Finished TC_003_LoginTestDDT ******
]]></system-out>
  </testcase>
  <testcase name="verifyLoginDDT[laks@yahoo.com, xyz, Invalid](4)" classname="testCases.TC003_LoginTestDDT" time="11.267">
    <system-out><![CDATA[2024-11-23 22:55:55 INFO  TC003_LoginTestDDT:25 - ***** stating TC_003_LoginTestDDT ******
2024-11-23 22:56:07 INFO  TC003_LoginTestDDT:60 - ***** Finished TC_003_LoginTestDDT ******
]]></system-out>
  </testcase>
  <testcase name="verifyLoginDDT[abc123@gmail.com, test@123, Valid](5)" classname="testCases.TC003_LoginTestDDT" time="1.667">
    <system-out><![CDATA[2024-11-23 22:56:07 INFO  TC003_LoginTestDDT:25 - ***** stating TC_003_LoginTestDDT ******
2024-11-23 22:56:08 INFO  TC003_LoginTestDDT:60 - ***** Finished TC_003_LoginTestDDT ******
]]></system-out>
  </testcase>
  <testcase name="verifyLoginDDT[, test@123, Invalid](6)" classname="testCases.TC003_LoginTestDDT" time="11.123">
    <system-out><![CDATA[2024-11-23 22:56:08 INFO  TC003_LoginTestDDT:25 - ***** stating TC_003_LoginTestDDT ******
2024-11-23 22:56:19 INFO  TC003_LoginTestDDT:60 - ***** Finished TC_003_LoginTestDDT ******
]]></system-out>
  </testcase>
</testsuite>